<?xml version="1.0" encoding="UTF-8"?>
<!-- Generated by org.testng.reporters.JUnitReportReporter -->
<testsuite hostname="ugps-MacBook.fios-router.home" failures="0" tests="5" name="test.InputTest" time="1.282" errors="0" timestamp="2020-03-11T18:09:36 EDT" skipped="0">
  <testcase classname="test.InputTest" name="canTypeInInputField" time="0.578"/>
  <testcase classname="test.InputTest" name="canTypeInInputField" time="0.174"/>
  <testcase classname="test.InputTest" name="canTypeInInputField" time="0.173"/>
  <testcase classname="test.InputTest" name="canTypeInInputField" time="0.173"/>
  <testcase classname="test.InputTest" name="canTypeInInputField" time="0.184"/>
</testsuite> <!-- test.InputTest -->
