<?xml version="1.0" encoding="UTF-8"?>
<!-- Generated by org.testng.reporters.JUnitReportReporter -->
<testsuite hostname="ugps-MacBook.fios-router.home" failures="0" tests="1" name="DropDownTest" time="0.570" errors="0" timestamp="2020-03-05T13:51:25 EST" skipped="0">
  <testcase classname="DropDownTest" name="canSelectDropdownListItem" time="0.570"/>
</testsuite> <!-- DropDownTest -->
