<?xml version="1.0" encoding="UTF-8"?>
<!-- Generated by org.testng.reporters.JUnitReportReporter -->
<testsuite hostname="ugps-MacBook.fios-router.home" failures="0" tests="5" name="test.TheInternet$InputTest" time="0.991" errors="0" timestamp="2020-03-11T18:21:52 EDT" skipped="0">
  <testcase classname="test.TheInternet$InputTest" name="canTypeInInputField" time="0.169"/>
  <testcase classname="test.TheInternet$InputTest" name="canTypeInInputField" time="0.169"/>
  <testcase classname="test.TheInternet$InputTest" name="canTypeInInputField" time="0.265"/>
  <testcase classname="test.TheInternet$InputTest" name="canTypeInInputField" time="0.186"/>
  <testcase classname="test.TheInternet$InputTest" name="canTypeInInputField" time="0.202"/>
</testsuite> <!-- test.TheInternet$InputTest -->
