<?xml version="1.0" encoding="UTF-8"?>
<!-- Generated by org.testng.reporters.JUnitReportReporter -->
<testsuite hostname="ugps-MacBook.fios-router.home" failures="0" tests="1" name="test.LoginTest" time="0.872" errors="0" timestamp="2020-03-11T18:19:38 EDT" skipped="0">
  <testcase classname="test.LoginTest" name="canLogIn" time="0.872"/>
</testsuite> <!-- test.LoginTest -->
