<?xml version="1.0" encoding="UTF-8"?>
<!-- Generated by org.testng.reporters.JUnitReportReporter -->
<testsuite hostname="ugps-MacBook.fios-router.home" failures="0" tests="1" name="LoginTest" time="0.853" errors="0" timestamp="2020-03-05T13:51:14 EST" skipped="0">
  <testcase classname="LoginTest" name="canLogIn" time="0.853"/>
</testsuite> <!-- LoginTest -->
