<?xml version="1.0" encoding="UTF-8"?>
<!-- Generated by org.testng.reporters.JUnitReportReporter -->
<testsuite hostname="ugps-MacBook.fios-router.home" failures="0" tests="1" name="test.TheInternet$DropDownTest" time="0.278" errors="0" timestamp="2020-03-11T18:21:52 EDT" skipped="0">
  <testcase classname="test.TheInternet$DropDownTest" name="canSelectDropdownListItem" time="0.278"/>
</testsuite> <!-- test.TheInternet$DropDownTest -->
