<?xml version="1.0" encoding="UTF-8"?>
<!-- Generated by org.testng.reporters.JUnitReportReporter -->
<testsuite hostname="ugps-MacBook.fios-router.home" failures="0" tests="1" name="homework.FilePathTest" time="4.257" errors="0" timestamp="2020-03-25T20:19:07 EDT" skipped="0">
  <testcase classname="homework.FilePathTest" name="clickFileDownload" time="4.257"/>
</testsuite> <!-- homework.FilePathTest -->
