<?xml version="1.0" encoding="UTF-8"?>
<!-- Generated by org.testng.reporters.JUnitReportReporter -->
<testsuite hostname="ugps-MacBook.fios-router.home" failures="0" tests="1" name="CheckTest" time="0.621" errors="0" timestamp="2020-03-05T15:51:47 EST" skipped="0">
  <testcase classname="CheckTest" name="canCheckAll" time="0.621"/>
</testsuite> <!-- CheckTest -->
