<?xml version="1.0" encoding="UTF-8"?>
<!-- Generated by org.testng.reporters.JUnitReportReporter -->
<testsuite hostname="ugps-MacBook.fios-router.home" failures="0" tests="1" name="test.DropDownTest" time="0.621" errors="0" timestamp="2020-03-11T18:17:15 EDT" skipped="0">
  <testcase classname="test.DropDownTest" name="canSelectDropdownListItem" time="0.621"/>
</testsuite> <!-- test.DropDownTest -->
