<?xml version="1.0" encoding="UTF-8"?>
<!-- Generated by org.testng.reporters.JUnitReportReporter -->
<testsuite hostname="ugps-MacBook.fios-router.home" failures="0" tests="1" name="test.CheckTest" time="0.699" errors="0" timestamp="2020-03-05T16:10:47 EST" skipped="0">
  <testcase classname="test.CheckTest" name="canCheckAll" time="0.699"/>
</testsuite> <!-- test.CheckTest -->
